<?xml version="1.0" encoding="UTF-8"?>
<!-- Generated by org.testng.reporters.JUnitReportReporter -->
<testsuite skipped="0" hostname="vaibhav-PC" name="org.velocity2022.ActiTimeProject.TestNGVerify" tests="1" failures="0" timestamp="2022-02-10T01:40:15 IST" time="0.028" errors="0">
  <testcase name="test" time="0.028" classname="org.velocity2022.ActiTimeProject.TestNGVerify"/>
  <system-out/>
</testsuite> <!-- org.velocity2022.ActiTimeProject.TestNGVerify -->
